22-06-20 13:46:39.808 [TRACEID:] [main]  DEBUG o.s.test.context.BootstrapUtils:108- Instantiating CacheAwareContextLoaderDelegate from class [org.springframework.test.context.cache.DefaultCacheAwareContextLoaderDelegate]
22-06-20 13:46:39.808 [TRACEID:] [main]  DEBUG o.s.test.context.BootstrapUtils:88- Instantiating BootstrapContext using constructor [public org.springframework.test.context.support.DefaultBootstrapContext(java.lang.Class,org.springframework.test.context.CacheAwareContextLoaderDelegate)]
22-06-20 13:46:39.839 [TRACEID:] [main]  DEBUG o.s.test.context.BootstrapUtils:143- Instantiating TestContextBootstrapper for test class [top.incoding.cloud.iuser.IUserProviderApplicationTests] from class [org.springframework.boot.test.context.SpringBootTestContextBootstrapper]
22-06-20 13:46:39.839 [TRACEID:] [main]  INFO  o.s.b.t.c.SpringBootTestContextBootstrapper:305- Neither @ContextConfiguration nor @ContextHierarchy found for test class [top.incoding.cloud.iuser.IUserProviderApplicationTests], using SpringBootContextLoader
22-06-20 13:46:39.839 [TRACEID:] [main]  DEBUG o.s.t.c.s.AbstractContextLoader:258- Did not detect default resource location for test class [top.incoding.cloud.iuser.IUserProviderApplicationTests]: class path resource [top/incoding/cloud/iuser/IUserProviderApplicationTests-context.xml] does not exist
22-06-20 13:46:39.839 [TRACEID:] [main]  DEBUG o.s.t.c.s.AbstractContextLoader:258- Did not detect default resource location for test class [top.incoding.cloud.iuser.IUserProviderApplicationTests]: class path resource [top/incoding/cloud/iuser/IUserProviderApplicationTestsContext.groovy] does not exist
22-06-20 13:46:39.839 [TRACEID:] [main]  INFO  o.s.t.c.s.AbstractContextLoader:264- Could not detect default resource locations for test class [top.incoding.cloud.iuser.IUserProviderApplicationTests]: no resource found for suffixes {-context.xml, Context.groovy}.
22-06-20 13:46:39.839 [TRACEID:] [main]  INFO  o.s.t.c.s.AnnotationConfigContextLoaderUtils:83- Could not detect default configuration classes for test class [top.incoding.cloud.iuser.IUserProviderApplicationTests]: IUserProviderApplicationTests does not declare any static, non-private, non-final, nested classes annotated with @Configuration.
22-06-20 13:46:39.886 [TRACEID:] [main]  DEBUG o.s.t.c.support.ActiveProfilesUtils:79- Could not find an 'annotation declaring class' for annotation type [org.springframework.test.context.ActiveProfiles] and class [top.incoding.cloud.iuser.IUserProviderApplicationTests]
22-06-20 13:46:39.917 [TRACEID:] [main]  DEBUG o.s.c.a.ClassPathScanningCandidateComponentProvider:435- Identified candidate component class: file [E:\GitHub\ISpringCloud\IUser-8000\IUser-Provider\target\classes\top\incoding\cloud\iuser\IUserProviderApplication.class]
22-06-20 13:46:39.933 [TRACEID:] [main]  INFO  o.s.b.t.c.SpringBootTestContextBootstrapper:238- Found @SpringBootConfiguration top.incoding.cloud.iuser.IUserProviderApplication for test class top.incoding.cloud.iuser.IUserProviderApplicationTests
22-06-20 13:46:39.995 [TRACEID:] [main]  DEBUG o.s.b.t.c.SpringBootTestContextBootstrapper:124- @TestExecutionListeners is not present for class [top.incoding.cloud.iuser.IUserProviderApplicationTests]: using defaults.
22-06-20 13:46:39.995 [TRACEID:] [main]  INFO  o.s.b.t.c.SpringBootTestContextBootstrapper:245- Loaded default TestExecutionListener class names from location [META-INF/spring.factories]: [org.springframework.boot.test.mock.mockito.MockitoTestExecutionListener, org.springframework.boot.test.mock.mockito.ResetMocksTestExecutionListener, org.springframework.boot.test.autoconfigure.restdocs.RestDocsTestExecutionListener, org.springframework.boot.test.autoconfigure.web.client.MockRestServiceServerResetTestExecutionListener, org.springframework.boot.test.autoconfigure.web.servlet.MockMvcPrintOnlyOnFailureTestExecutionListener, org.springframework.boot.test.autoconfigure.web.servlet.WebDriverTestExecutionListener, org.springframework.boot.test.autoconfigure.webservices.client.MockWebServiceServerTestExecutionListener, org.springframework.test.context.web.ServletTestExecutionListener, org.springframework.test.context.support.DirtiesContextBeforeModesTestExecutionListener, org.springframework.test.context.event.ApplicationEventsTestExecutionListener, org.springframework.test.context.support.DependencyInjectionTestExecutionListener, org.springframework.test.context.support.DirtiesContextTestExecutionListener, org.springframework.test.context.transaction.TransactionalTestExecutionListener, org.springframework.test.context.jdbc.SqlScriptsTestExecutionListener, org.springframework.test.context.event.EventPublishingTestExecutionListener]
22-06-20 13:46:40.011 [TRACEID:] [main]  INFO  o.s.b.t.c.SpringBootTestContextBootstrapper:174- Using TestExecutionListeners: [org.springframework.test.context.web.ServletTestExecutionListener@30bce90b, org.springframework.test.context.support.DirtiesContextBeforeModesTestExecutionListener@3e6f3f28, org.springframework.test.context.event.ApplicationEventsTestExecutionListener@7e19ebf0, org.springframework.boot.test.mock.mockito.MockitoTestExecutionListener@2474f125, org.springframework.boot.test.autoconfigure.SpringBootDependencyInjectionTestExecutionListener@7357a011, org.springframework.test.context.support.DirtiesContextTestExecutionListener@3406472c, org.springframework.test.context.transaction.TransactionalTestExecutionListener@5717c37, org.springframework.test.context.jdbc.SqlScriptsTestExecutionListener@68f4865, org.springframework.test.context.event.EventPublishingTestExecutionListener@4816278d, org.springframework.boot.test.mock.mockito.ResetMocksTestExecutionListener@4eaf3684, org.springframework.boot.test.autoconfigure.restdocs.RestDocsTestExecutionListener@40317ba2, org.springframework.boot.test.autoconfigure.web.client.MockRestServiceServerResetTestExecutionListener@3c01cfa1, org.springframework.boot.test.autoconfigure.web.servlet.MockMvcPrintOnlyOnFailureTestExecutionListener@45d2ade3, org.springframework.boot.test.autoconfigure.web.servlet.WebDriverTestExecutionListener@727eb8cb, org.springframework.boot.test.autoconfigure.webservices.client.MockWebServiceServerTestExecutionListener@39d9314d]
22-06-20 13:46:40.011 [TRACEID:] [main]  DEBUG o.s.t.c.s.AbstractDirtiesContextTestExecutionListener:143- Before test class: context [DefaultTestContext@732d0d24 testClass = IUserProviderApplicationTests, testInstance = [null], testMethod = [null], testException = [null], mergedContextConfiguration = [WebMergedContextConfiguration@1fb19a0 testClass = IUserProviderApplicationTests, locations = '{}', classes = '{class top.incoding.cloud.iuser.IUserProviderApplication}', contextInitializerClasses = '[]', activeProfiles = '{}', propertySourceLocations = '{}', propertySourceProperties = '{org.springframework.boot.test.context.SpringBootTestContextBootstrapper=true}', contextCustomizers = set[org.springframework.boot.test.context.filter.ExcludeFilterContextCustomizer@44a7bfbc, org.springframework.boot.test.json.DuplicateJsonObjectContextCustomizerFactory$DuplicateJsonObjectContextCustomizer@1bb266b3, org.springframework.boot.test.mock.mockito.MockitoContextCustomizer@0, org.springframework.boot.test.web.client.TestRestTemplateContextCustomizer@19d481b, org.springframework.boot.test.autoconfigure.actuate.metrics.MetricsExportContextCustomizerFactory$DisableMetricExportContextCustomizer@3246fb96, org.springframework.boot.test.autoconfigure.properties.PropertyMappingContextCustomizer@0, org.springframework.boot.test.autoconfigure.web.servlet.WebDriverContextCustomizerFactory$Customizer@696da30b, org.springframework.boot.test.context.SpringBootTestArgs@1, org.springframework.boot.test.context.SpringBootTestWebEnvironment@6debcae2], resourceBasePath = 'src/main/webapp', contextLoader = 'org.springframework.boot.test.context.SpringBootContextLoader', parent = [null]], attributes = map['org.springframework.test.context.web.ServletTestExecutionListener.activateListener' -> true]], class annotated with @DirtiesContext [false] with mode [null].
22-06-20 13:46:40.635 [TRACEID:] [main]  INFO  t.i.c.i.IUserProviderApplicationTests:55- Starting IUserProviderApplicationTests using Java 1.8.0_333 on bellus-PC with PID 5972 (started by bellus in E:\GitHub\ISpringCloud\IUser-8000\IUser-Provider)
22-06-20 13:46:40.635 [TRACEID:] [main]  INFO  t.i.c.i.IUserProviderApplicationTests:634- No active profile set, falling back to 1 default profile: "default"
22-06-20 13:46:41.385 [TRACEID:] [main]  INFO  o.s.cloud.context.scope.GenericScope:283- BeanFactory id=7be44399-4c27-3182-96a8-a907a404a9c8
22-06-20 13:46:43.752 [TRACEID:] [main]  INFO  o.s.c.n.e.c.DiscoveryClientOptionalArgsConfiguration:68- Eureka HTTP Client uses RestTemplate.
22-06-20 13:46:44.290 [TRACEID:] [main]  WARN  o.s.c.l.c.LoadBalancerCacheAutoConfiguration$LoadBalancerCaffeineWarnLogger:82- Spring Cloud LoadBalancer is currently working with the default cache. While this cache implementation is useful for development and tests, it's recommended to use Caffeine cache in production.You can switch to using Caffeine cache, by adding it and org.springframework.cache.caffeine.CaffeineCacheManager to the classpath.
22-06-20 13:46:44.321 [TRACEID:] [main]  INFO  o.s.c.n.eureka.InstanceInfoFactory:67- Setting initial instance status as: STARTING
22-06-20 13:46:44.368 [TRACEID:] [main]  INFO  c.netflix.discovery.DiscoveryClient:372- Initializing Eureka in region us-east-1
22-06-20 13:46:44.384 [TRACEID:] [main]  INFO  c.n.d.s.r.aws.ConfigClusterResolver:43- Resolving eureka endpoints via configuration
22-06-20 13:46:44.400 [TRACEID:] [main]  INFO  c.netflix.discovery.DiscoveryClient:1007- Disable delta property : false
22-06-20 13:46:44.400 [TRACEID:] [main]  INFO  c.netflix.discovery.DiscoveryClient:1008- Single vip registry refresh property : null
22-06-20 13:46:44.400 [TRACEID:] [main]  INFO  c.netflix.discovery.DiscoveryClient:1009- Force full registry fetch : false
22-06-20 13:46:44.400 [TRACEID:] [main]  INFO  c.netflix.discovery.DiscoveryClient:1010- Application is null : false
22-06-20 13:46:44.400 [TRACEID:] [main]  INFO  c.netflix.discovery.DiscoveryClient:1011- Registered Applications size is zero : true
22-06-20 13:46:44.400 [TRACEID:] [main]  INFO  c.netflix.discovery.DiscoveryClient:1013- Application version is -1: true
22-06-20 13:46:44.400 [TRACEID:] [main]  INFO  c.netflix.discovery.DiscoveryClient:1097- Getting all instance registry info from the eureka server
22-06-20 13:46:45.285 [TRACEID:] [main]  INFO  c.netflix.discovery.DiscoveryClient:1106- The response status is 200
22-06-20 13:46:45.285 [TRACEID:] [main]  INFO  c.netflix.discovery.DiscoveryClient:1321- Starting heartbeat executor: renew interval is: 30
22-06-20 13:46:45.300 [TRACEID:] [main]  INFO  c.n.discovery.InstanceInfoReplicator:60- InstanceInfoReplicator onDemand update allowed rate per min is 4
22-06-20 13:46:45.300 [TRACEID:] [main]  INFO  c.netflix.discovery.DiscoveryClient:492- Discovery Client initialized at timestamp 1655704005300 with initial instances count: 1
22-06-20 13:46:45.300 [TRACEID:] [main]  INFO  o.s.c.n.e.s.EurekaServiceRegistry:41- Registering application IUSER with eureka with status UP
22-06-20 13:46:45.300 [TRACEID:] [main]  INFO  c.netflix.discovery.DiscoveryClient:1352- Saw local status change event StatusChangeEvent [timestamp=1655704005300, current=UP, previous=STARTING]
22-06-20 13:46:45.316 [TRACEID:] [DiscoveryClient-InstanceInfoReplicator-0]  INFO  c.netflix.discovery.DiscoveryClient:873- DiscoveryClient_IUSER/10.0.193.1:iuser:8000: registering service...
22-06-20 13:46:45.347 [TRACEID:] [DiscoveryClient-InstanceInfoReplicator-0]  INFO  c.netflix.discovery.DiscoveryClient:882- DiscoveryClient_IUSER/10.0.193.1:iuser:8000 - registration status: 204
22-06-20 13:46:45.457 [TRACEID:] [main]  INFO  t.i.c.i.IUserProviderApplicationTests:61- Started IUserProviderApplicationTests in 5.409 seconds (JVM running for 6.139)
22-06-20 13:46:45.785 [TRACEID:] [SpringApplicationShutdownHook]  INFO  o.s.c.n.e.s.EurekaServiceRegistry:62- Unregistering application IUSER with eureka with status DOWN
22-06-20 13:46:45.785 [TRACEID:] [SpringApplicationShutdownHook]  INFO  c.netflix.discovery.DiscoveryClient:1352- Saw local status change event StatusChangeEvent [timestamp=1655704005785, current=DOWN, previous=UP]
22-06-20 13:46:45.785 [TRACEID:] [DiscoveryClient-InstanceInfoReplicator-0]  INFO  c.netflix.discovery.DiscoveryClient:873- DiscoveryClient_IUSER/10.0.193.1:iuser:8000: registering service...
22-06-20 13:46:45.785 [TRACEID:] [DiscoveryClient-InstanceInfoReplicator-0]  INFO  c.netflix.discovery.DiscoveryClient:882- DiscoveryClient_IUSER/10.0.193.1:iuser:8000 - registration status: 204
22-06-20 13:46:45.785 [TRACEID:] [SpringApplicationShutdownHook]  INFO  c.netflix.discovery.DiscoveryClient:935- Shutting down DiscoveryClient ...
22-06-20 13:46:48.806 [TRACEID:] [SpringApplicationShutdownHook]  INFO  c.netflix.discovery.DiscoveryClient:971- Unregistering ...
22-06-20 13:46:48.822 [TRACEID:] [SpringApplicationShutdownHook]  INFO  c.netflix.discovery.DiscoveryClient:973- DiscoveryClient_IUSER/10.0.193.1:iuser:8000 - deregister  status: 200
22-06-20 13:46:48.822 [TRACEID:] [SpringApplicationShutdownHook]  INFO  c.netflix.discovery.DiscoveryClient:960- Completed shut down of DiscoveryClient
22-06-20 13:47:34.789 [TRACEID:] [main]  DEBUG o.s.test.context.BootstrapUtils:108- Instantiating CacheAwareContextLoaderDelegate from class [org.springframework.test.context.cache.DefaultCacheAwareContextLoaderDelegate]
22-06-20 13:47:34.789 [TRACEID:] [main]  DEBUG o.s.test.context.BootstrapUtils:88- Instantiating BootstrapContext using constructor [public org.springframework.test.context.support.DefaultBootstrapContext(java.lang.Class,org.springframework.test.context.CacheAwareContextLoaderDelegate)]
22-06-20 13:47:34.820 [TRACEID:] [main]  DEBUG o.s.test.context.BootstrapUtils:143- Instantiating TestContextBootstrapper for test class [top.incoding.cloud.iuser.IUserProviderApplicationTests] from class [org.springframework.boot.test.context.SpringBootTestContextBootstrapper]
22-06-20 13:47:34.820 [TRACEID:] [main]  INFO  o.s.b.t.c.SpringBootTestContextBootstrapper:305- Neither @ContextConfiguration nor @ContextHierarchy found for test class [top.incoding.cloud.iuser.IUserProviderApplicationTests], using SpringBootContextLoader
22-06-20 13:47:34.820 [TRACEID:] [main]  DEBUG o.s.t.c.s.AbstractContextLoader:258- Did not detect default resource location for test class [top.incoding.cloud.iuser.IUserProviderApplicationTests]: class path resource [top/incoding/cloud/iuser/IUserProviderApplicationTests-context.xml] does not exist
22-06-20 13:47:34.820 [TRACEID:] [main]  DEBUG o.s.t.c.s.AbstractContextLoader:258- Did not detect default resource location for test class [top.incoding.cloud.iuser.IUserProviderApplicationTests]: class path resource [top/incoding/cloud/iuser/IUserProviderApplicationTestsContext.groovy] does not exist
22-06-20 13:47:34.835 [TRACEID:] [main]  INFO  o.s.t.c.s.AbstractContextLoader:264- Could not detect default resource locations for test class [top.incoding.cloud.iuser.IUserProviderApplicationTests]: no resource found for suffixes {-context.xml, Context.groovy}.
22-06-20 13:47:34.835 [TRACEID:] [main]  INFO  o.s.t.c.s.AnnotationConfigContextLoaderUtils:83- Could not detect default configuration classes for test class [top.incoding.cloud.iuser.IUserProviderApplicationTests]: IUserProviderApplicationTests does not declare any static, non-private, non-final, nested classes annotated with @Configuration.
22-06-20 13:47:34.873 [TRACEID:] [main]  DEBUG o.s.t.c.support.ActiveProfilesUtils:79- Could not find an 'annotation declaring class' for annotation type [org.springframework.test.context.ActiveProfiles] and class [top.incoding.cloud.iuser.IUserProviderApplicationTests]
22-06-20 13:47:34.920 [TRACEID:] [main]  DEBUG o.s.c.a.ClassPathScanningCandidateComponentProvider:435- Identified candidate component class: file [E:\GitHub\ISpringCloud\IUser-8000\IUser-Provider\target\classes\top\incoding\cloud\iuser\IUserProviderApplication.class]
22-06-20 13:47:34.920 [TRACEID:] [main]  INFO  o.s.b.t.c.SpringBootTestContextBootstrapper:238- Found @SpringBootConfiguration top.incoding.cloud.iuser.IUserProviderApplication for test class top.incoding.cloud.iuser.IUserProviderApplicationTests
22-06-20 13:47:35.015 [TRACEID:] [main]  DEBUG o.s.b.t.c.SpringBootTestContextBootstrapper:124- @TestExecutionListeners is not present for class [top.incoding.cloud.iuser.IUserProviderApplicationTests]: using defaults.
22-06-20 13:47:35.015 [TRACEID:] [main]  INFO  o.s.b.t.c.SpringBootTestContextBootstrapper:245- Loaded default TestExecutionListener class names from location [META-INF/spring.factories]: [org.springframework.boot.test.mock.mockito.MockitoTestExecutionListener, org.springframework.boot.test.mock.mockito.ResetMocksTestExecutionListener, org.springframework.boot.test.autoconfigure.restdocs.RestDocsTestExecutionListener, org.springframework.boot.test.autoconfigure.web.client.MockRestServiceServerResetTestExecutionListener, org.springframework.boot.test.autoconfigure.web.servlet.MockMvcPrintOnlyOnFailureTestExecutionListener, org.springframework.boot.test.autoconfigure.web.servlet.WebDriverTestExecutionListener, org.springframework.boot.test.autoconfigure.webservices.client.MockWebServiceServerTestExecutionListener, org.springframework.test.context.web.ServletTestExecutionListener, org.springframework.test.context.support.DirtiesContextBeforeModesTestExecutionListener, org.springframework.test.context.event.ApplicationEventsTestExecutionListener, org.springframework.test.context.support.DependencyInjectionTestExecutionListener, org.springframework.test.context.support.DirtiesContextTestExecutionListener, org.springframework.test.context.transaction.TransactionalTestExecutionListener, org.springframework.test.context.jdbc.SqlScriptsTestExecutionListener, org.springframework.test.context.event.EventPublishingTestExecutionListener]
22-06-20 13:47:35.031 [TRACEID:] [main]  INFO  o.s.b.t.c.SpringBootTestContextBootstrapper:174- Using TestExecutionListeners: [org.springframework.test.context.web.ServletTestExecutionListener@30bce90b, org.springframework.test.context.support.DirtiesContextBeforeModesTestExecutionListener@3e6f3f28, org.springframework.test.context.event.ApplicationEventsTestExecutionListener@7e19ebf0, org.springframework.boot.test.mock.mockito.MockitoTestExecutionListener@2474f125, org.springframework.boot.test.autoconfigure.SpringBootDependencyInjectionTestExecutionListener@7357a011, org.springframework.test.context.support.DirtiesContextTestExecutionListener@3406472c, org.springframework.test.context.transaction.TransactionalTestExecutionListener@5717c37, org.springframework.test.context.jdbc.SqlScriptsTestExecutionListener@68f4865, org.springframework.test.context.event.EventPublishingTestExecutionListener@4816278d, org.springframework.boot.test.mock.mockito.ResetMocksTestExecutionListener@4eaf3684, org.springframework.boot.test.autoconfigure.restdocs.RestDocsTestExecutionListener@40317ba2, org.springframework.boot.test.autoconfigure.web.client.MockRestServiceServerResetTestExecutionListener@3c01cfa1, org.springframework.boot.test.autoconfigure.web.servlet.MockMvcPrintOnlyOnFailureTestExecutionListener@45d2ade3, org.springframework.boot.test.autoconfigure.web.servlet.WebDriverTestExecutionListener@727eb8cb, org.springframework.boot.test.autoconfigure.webservices.client.MockWebServiceServerTestExecutionListener@39d9314d]
22-06-20 13:47:35.031 [TRACEID:] [main]  DEBUG o.s.t.c.s.AbstractDirtiesContextTestExecutionListener:143- Before test class: context [DefaultTestContext@732d0d24 testClass = IUserProviderApplicationTests, testInstance = [null], testMethod = [null], testException = [null], mergedContextConfiguration = [WebMergedContextConfiguration@1fb19a0 testClass = IUserProviderApplicationTests, locations = '{}', classes = '{class top.incoding.cloud.iuser.IUserProviderApplication}', contextInitializerClasses = '[]', activeProfiles = '{}', propertySourceLocations = '{}', propertySourceProperties = '{org.springframework.boot.test.context.SpringBootTestContextBootstrapper=true}', contextCustomizers = set[org.springframework.boot.test.context.filter.ExcludeFilterContextCustomizer@44a7bfbc, org.springframework.boot.test.json.DuplicateJsonObjectContextCustomizerFactory$DuplicateJsonObjectContextCustomizer@1bb266b3, org.springframework.boot.test.mock.mockito.MockitoContextCustomizer@0, org.springframework.boot.test.web.client.TestRestTemplateContextCustomizer@19d481b, org.springframework.boot.test.autoconfigure.actuate.metrics.MetricsExportContextCustomizerFactory$DisableMetricExportContextCustomizer@3246fb96, org.springframework.boot.test.autoconfigure.properties.PropertyMappingContextCustomizer@0, org.springframework.boot.test.autoconfigure.web.servlet.WebDriverContextCustomizerFactory$Customizer@696da30b, org.springframework.boot.test.context.SpringBootTestArgs@1, org.springframework.boot.test.context.SpringBootTestWebEnvironment@6debcae2], resourceBasePath = 'src/main/webapp', contextLoader = 'org.springframework.boot.test.context.SpringBootContextLoader', parent = [null]], attributes = map['org.springframework.test.context.web.ServletTestExecutionListener.activateListener' -> true]], class annotated with @DirtiesContext [false] with mode [null].
22-06-20 13:47:35.689 [TRACEID:] [main]  INFO  t.i.c.i.IUserProviderApplicationTests:55- Starting IUserProviderApplicationTests using Java 1.8.0_333 on bellus-PC with PID 11252 (started by bellus in E:\GitHub\ISpringCloud\IUser-8000\IUser-Provider)
22-06-20 13:47:35.689 [TRACEID:] [main]  INFO  t.i.c.i.IUserProviderApplicationTests:634- No active profile set, falling back to 1 default profile: "default"
22-06-20 13:47:36.455 [TRACEID:] [main]  INFO  o.s.cloud.context.scope.GenericScope:283- BeanFactory id=7be44399-4c27-3182-96a8-a907a404a9c8
22-06-20 13:47:38.719 [TRACEID:] [main]  INFO  o.s.c.n.e.c.DiscoveryClientOptionalArgsConfiguration:68- Eureka HTTP Client uses RestTemplate.
22-06-20 13:47:39.284 [TRACEID:] [main]  WARN  o.s.c.l.c.LoadBalancerCacheAutoConfiguration$LoadBalancerCaffeineWarnLogger:82- Spring Cloud LoadBalancer is currently working with the default cache. While this cache implementation is useful for development and tests, it's recommended to use Caffeine cache in production.You can switch to using Caffeine cache, by adding it and org.springframework.cache.caffeine.CaffeineCacheManager to the classpath.
22-06-20 13:47:39.331 [TRACEID:] [main]  INFO  o.s.c.n.eureka.InstanceInfoFactory:67- Setting initial instance status as: STARTING
22-06-20 13:47:39.393 [TRACEID:] [main]  INFO  c.netflix.discovery.DiscoveryClient:372- Initializing Eureka in region us-east-1
22-06-20 13:47:39.393 [TRACEID:] [main]  INFO  c.n.d.s.r.aws.ConfigClusterResolver:43- Resolving eureka endpoints via configuration
22-06-20 13:47:39.425 [TRACEID:] [main]  INFO  c.netflix.discovery.DiscoveryClient:1007- Disable delta property : false
22-06-20 13:47:39.425 [TRACEID:] [main]  INFO  c.netflix.discovery.DiscoveryClient:1008- Single vip registry refresh property : null
22-06-20 13:47:39.425 [TRACEID:] [main]  INFO  c.netflix.discovery.DiscoveryClient:1009- Force full registry fetch : false
22-06-20 13:47:39.425 [TRACEID:] [main]  INFO  c.netflix.discovery.DiscoveryClient:1010- Application is null : false
22-06-20 13:47:39.425 [TRACEID:] [main]  INFO  c.netflix.discovery.DiscoveryClient:1011- Registered Applications size is zero : true
22-06-20 13:47:39.425 [TRACEID:] [main]  INFO  c.netflix.discovery.DiscoveryClient:1013- Application version is -1: true
22-06-20 13:47:39.425 [TRACEID:] [main]  INFO  c.netflix.discovery.DiscoveryClient:1097- Getting all instance registry info from the eureka server
22-06-20 13:47:40.300 [TRACEID:] [main]  INFO  c.netflix.discovery.DiscoveryClient:1106- The response status is 200
22-06-20 13:47:40.300 [TRACEID:] [main]  INFO  c.netflix.discovery.DiscoveryClient:1321- Starting heartbeat executor: renew interval is: 30
22-06-20 13:47:40.300 [TRACEID:] [main]  INFO  c.n.discovery.InstanceInfoReplicator:60- InstanceInfoReplicator onDemand update allowed rate per min is 4
22-06-20 13:47:40.316 [TRACEID:] [main]  INFO  c.netflix.discovery.DiscoveryClient:492- Discovery Client initialized at timestamp 1655704060300 with initial instances count: 1
22-06-20 13:47:40.316 [TRACEID:] [main]  INFO  o.s.c.n.e.s.EurekaServiceRegistry:41- Registering application IUSER with eureka with status UP
22-06-20 13:47:40.316 [TRACEID:] [main]  INFO  c.netflix.discovery.DiscoveryClient:1352- Saw local status change event StatusChangeEvent [timestamp=1655704060316, current=UP, previous=STARTING]
22-06-20 13:47:40.316 [TRACEID:] [DiscoveryClient-InstanceInfoReplicator-0]  INFO  c.netflix.discovery.DiscoveryClient:873- DiscoveryClient_IUSER/10.0.193.1:iuser:8000: registering service...
22-06-20 13:47:40.363 [TRACEID:] [DiscoveryClient-InstanceInfoReplicator-0]  INFO  c.netflix.discovery.DiscoveryClient:882- DiscoveryClient_IUSER/10.0.193.1:iuser:8000 - registration status: 204
22-06-20 13:47:40.472 [TRACEID:] [main]  INFO  t.i.c.i.IUserProviderApplicationTests:61- Started IUserProviderApplicationTests in 5.411 seconds (JVM running for 6.193)
22-06-20 13:47:40.738 [TRACEID:] [SpringApplicationShutdownHook]  INFO  o.s.c.n.e.s.EurekaServiceRegistry:62- Unregistering application IUSER with eureka with status DOWN
22-06-20 13:47:40.738 [TRACEID:] [SpringApplicationShutdownHook]  INFO  c.netflix.discovery.DiscoveryClient:1352- Saw local status change event StatusChangeEvent [timestamp=1655704060738, current=DOWN, previous=UP]
22-06-20 13:47:40.738 [TRACEID:] [DiscoveryClient-InstanceInfoReplicator-0]  INFO  c.netflix.discovery.DiscoveryClient:873- DiscoveryClient_IUSER/10.0.193.1:iuser:8000: registering service...
22-06-20 13:47:40.753 [TRACEID:] [DiscoveryClient-InstanceInfoReplicator-0]  INFO  c.netflix.discovery.DiscoveryClient:882- DiscoveryClient_IUSER/10.0.193.1:iuser:8000 - registration status: 204
22-06-20 13:47:40.753 [TRACEID:] [SpringApplicationShutdownHook]  INFO  c.netflix.discovery.DiscoveryClient:935- Shutting down DiscoveryClient ...
22-06-20 13:47:43.760 [TRACEID:] [SpringApplicationShutdownHook]  INFO  c.netflix.discovery.DiscoveryClient:971- Unregistering ...
22-06-20 13:47:43.776 [TRACEID:] [SpringApplicationShutdownHook]  INFO  c.netflix.discovery.DiscoveryClient:973- DiscoveryClient_IUSER/10.0.193.1:iuser:8000 - deregister  status: 200
22-06-20 13:47:43.776 [TRACEID:] [SpringApplicationShutdownHook]  INFO  c.netflix.discovery.DiscoveryClient:960- Completed shut down of DiscoveryClient
